2025-12-08 21:32:15 - logger_utils - INFO - 数据加载完成，当前进度：5.0%
2025-12-08 21:32:17 - logger_utils - INFO - 开始构建虚拟仓储模型，当前进度：10.0%
2025-12-08 21:32:20 - logger_utils - INFO - 逻辑分区初始化完成，当前进度：13.0%
2025-12-08 21:32:22 - logger_utils - INFO - 分区拓扑关系构建完成，当前进度：17.0%
2025-12-08 21:32:24 - logger_utils - INFO - 设备-分区映射表建立完成，当前进度：20.0%
2025-12-08 21:32:26 - logger_utils - INFO - 虚拟仓储模型构建完成，当前进度：25.0%
2025-12-08 21:32:29 - logger_utils - INFO - 开始注入实时运行数据流，当前进度：31.0%
2025-12-08 21:32:32 - logger_utils - INFO - 库存数据同步完成，当前进度：35.0%
2025-12-08 21:32:34 - logger_utils - INFO - 订单数据同步完成，当前进度：39.0%
2025-12-08 21:32:36 - logger_utils - INFO - 实时数据注入完成，仓储动态孪生体激活，当前进度：45.0%
2025-12-08 21:32:39 - logger_utils - INFO - 开始植入自适应调度逻辑核心，当前进度：52.0%
2025-12-08 21:32:42 - logger_utils - INFO - 调度规则库加载完成，当前进度：57.0%
2025-12-08 21:32:44 - logger_utils - INFO - 状态特征提取模块初始化完成，当前进度：63.0%
2025-12-08 21:32:47 - logger_utils - INFO - 初始调度规则选定：路径优化规则，当前进度：70.0%
2025-12-08 21:32:50 - logger_utils - INFO - 自适应调度逻辑核心植入完成，当前进度：75.0%
2025-12-08 21:32:52 - logger_utils - INFO - 开始处理任务请求，进行多维度任务解析，当前进度：81.0%
2025-12-08 21:32:55 - logger_utils - INFO - 任务分解完成，生成任务分解图谱，当前进度：88.0%
2025-12-08 21:32:58 - logger_utils - INFO - 开始资源匹配运算，当前进度：96.0%
2025-12-08 21:33:02 - logger_utils - INFO - 资源匹配运算完成，生成资源匹配方案，当前进度：100.0%
2025-12-08 21:33:05 - logger_utils - INFO - 策略执行器激活，开始生成控制指令序列，当前进度：100.0%
2025-12-08 21:33:09 - logger_utils - INFO - 控制指令序列生成完成，当前进度：100.0%
2025-12-08 21:33:12 - logger_utils - INFO - 开始向物理执行终端下发控制指令，当前进度：100.0%
2025-12-08 21:33:16 - logger_utils - INFO - 共下发60条控制指令，当前进度：100.0%
2025-12-08 21:33:19 - logger_utils - INFO - 开始采集物理执行终端反馈数据，当前进度：100.0%
2025-12-08 21:33:24 - logger_utils - INFO - 反馈数据采集完成，当前进度：100.0%
2025-12-08 21:33:28 - logger_utils - INFO - 开始计算状态偏差值，当前进度：100.0%
2025-12-08 21:33:31 - logger_utils - INFO - 状态偏差值计算完成，当前进度：100.0%
2025-12-08 21:33:34 - logger_utils - INFO - 开始校准虚拟仓储模型状态，当前进度：100.0%
2025-12-08 21:33:38 - logger_utils - INFO - 共发现0个超限状态，当前进度：100.0%
2025-12-08 21:33:40 - logger_utils - INFO - 虚拟仓储模型状态校准完成，当前进度：100.0%
2025-12-08 21:33:43 - logger_utils - INFO - 开始生成数据图表，当前进度：100.0%
2025-12-08 21:33:50 - logger_utils - INFO - 系统运行完成，日志已保存
