2025-12-08 22:29:59 - logger_utils - INFO - Data Loading Completed，当前进度：5.0%
2025-12-08 22:29:59 - logger_utils - INFO - 开始构建虚拟仓储模型，当前进度：10.0%
2025-12-08 22:30:02 - logger_utils - INFO - 逻辑分区初始化完成，当前进度：13.0%
2025-12-08 22:30:04 - logger_utils - INFO - 分区拓扑关系构建完成，当前进度：17.0%
2025-12-08 22:30:06 - logger_utils - INFO - 设备-分区映射表建立完成，当前进度：20.0%
2025-12-08 22:30:08 - logger_utils - INFO - 虚拟仓储模型构建完成，当前进度：25.0%
2025-12-08 22:30:11 - logger_utils - INFO - 开始注入实时运行数据流，当前进度：31.0%
2025-12-08 22:30:14 - logger_utils - INFO - 库存数据同步完成，当前进度：35.0%
2025-12-08 22:30:16 - logger_utils - INFO - 订单数据同步完成，当前进度：39.0%
2025-12-08 22:30:18 - logger_utils - INFO - 实时数据注入完成，仓储动态孪生体激活，当前进度：45.0%
2025-12-08 22:30:21 - logger_utils - INFO - 开始植入自适应调度逻辑核心，当前进度：52.0%
2025-12-08 22:30:24 - logger_utils - INFO - 调度规则库加载完成，当前进度：57.0%
2025-12-08 22:30:26 - logger_utils - INFO - 状态特征提取模块初始化完成，当前进度：63.0%
2025-12-08 22:30:29 - logger_utils - INFO - 初始调度规则选定：优先级规则，当前进度：70.0%
2025-12-08 22:30:32 - logger_utils - INFO - 自适应调度逻辑核心植入完成，当前进度：75.0%
2025-12-08 22:30:34 - logger_utils - INFO - 开始处理任务请求，进行多维度任务解析，当前进度：81.0%
2025-12-08 22:30:37 - logger_utils - INFO - 任务分解完成，生成任务分解图谱，当前进度：88.0%
2025-12-08 22:30:40 - logger_utils - INFO - 开始资源匹配运算，当前进度：96.0%
2025-12-08 22:30:44 - logger_utils - INFO - 资源匹配运算完成，生成资源匹配方案，当前进度：100.0%
2025-12-08 22:30:47 - logger_utils - INFO - 策略执行器激活，开始生成控制指令序列，当前进度：100.0%
2025-12-08 22:30:51 - logger_utils - INFO - 控制指令序列生成完成，当前进度：100.0%
2025-12-08 22:30:54 - logger_utils - INFO - 开始向物理执行终端下发控制指令，当前进度：100.0%
2025-12-08 22:30:58 - logger_utils - INFO - 共下发120条控制指令，当前进度：100.0%
2025-12-08 22:31:01 - logger_utils - INFO - 开始采集物理执行终端反馈数据，当前进度：100.0%
2025-12-08 22:31:06 - logger_utils - INFO - 反馈数据采集完成，当前进度：100.0%
2025-12-08 22:31:10 - logger_utils - INFO - 开始计算状态偏差值，当前进度：100.0%
2025-12-08 22:31:13 - logger_utils - INFO - 状态偏差值计算完成，当前进度：100.0%
2025-12-08 22:31:16 - logger_utils - INFO - 开始校准虚拟仓储模型状态，当前进度：100.0%
2025-12-08 22:31:20 - logger_utils - INFO - 共发现0个超限状态，当前进度：100.0%
2025-12-08 22:31:22 - logger_utils - INFO - 虚拟仓储模型状态校准完成，当前进度：100.0%
2025-12-08 22:31:25 - logger_utils - INFO - Generating Charts，当前进度：100.0%
2025-12-08 22:31:26 - logger_utils - INFO - 系统运行完成，日志已保存
